<?xml version="1.0" encoding="UTF-8"?>
<!-- Generated by org.testng.reporters.JUnitXMLReporter -->
<testsuite hostname="rahulks-MacBookPro-2.local" name="AllTests" tests="4" failures="0" timestamp="11 Mar 2013 18:19:02 GMT" time="0.034" errors="0">
  <testcase name="divide" time="0.0080" classname="com.evolutionaryworks.MathsOperations.ArithmeticOperationsTest"/>
  <testcase name="multiply" time="0.0010" classname="com.evolutionaryworks.MathsOperations.ArithmeticOperationsTest"/>
  <testcase name="subtract" time="0.0010" classname="com.evolutionaryworks.MathsOperations.ArithmeticOperationsTest"/>
  <testcase name="sum" time="0.0010" classname="com.evolutionaryworks.MathsOperations.ArithmeticOperationsTest"/>
</testsuite> <!-- AllTests -->
