<?xml version="1.0" encoding="UTF-8"?>
<testng-results skipped="0" failed="0" total="6" passed="6">
  <reporter-output>
  </reporter-output>
  <suite name="Arithmetic Suite" duration-ms="49" started-at="2013-03-12T13:17:59Z" finished-at="2013-03-12T13:17:59Z">
    <groups>
    </groups>
    <test name="MathTests" duration-ms="49" started-at="2013-03-12T13:17:59Z" finished-at="2013-03-12T13:17:59Z">
      <class name="com.evolutionaryworks.MathsOperations.ArithmeticOperationsTest">
        <test-method status="PASS" signature="setup()[pri:0, instance:com.evolutionaryworks.MathsOperations.ArithmeticOperationsTest@31b5998f]" name="setup" is-config="true" duration-ms="12" started-at="2013-03-12T18:47:59Z" finished-at="2013-03-12T18:47:59Z">
          <reporter-output>
          </reporter-output>
        </test-method> <!-- setup -->
        <test-method status="PASS" signature="setup()[pri:0, instance:com.evolutionaryworks.MathsOperations.ArithmeticOperationsV2Test@2c766a24]" name="setup" is-config="true" duration-ms="1" started-at="2013-03-12T18:47:59Z" finished-at="2013-03-12T18:47:59Z">
          <reporter-output>
          </reporter-output>
        </test-method> <!-- setup -->
        <test-method status="PASS" signature="divide()[pri:0, instance:com.evolutionaryworks.MathsOperations.ArithmeticOperationsTest@31b5998f]" name="divide" duration-ms="1" started-at="2013-03-12T18:47:59Z" finished-at="2013-03-12T18:47:59Z">
          <reporter-output>
          </reporter-output>
        </test-method> <!-- divide -->
        <test-method status="PASS" signature="multiply()[pri:0, instance:com.evolutionaryworks.MathsOperations.ArithmeticOperationsTest@31b5998f]" name="multiply" duration-ms="1" started-at="2013-03-12T18:47:59Z" finished-at="2013-03-12T18:47:59Z">
          <reporter-output>
          </reporter-output>
        </test-method> <!-- multiply -->
        <test-method status="PASS" signature="subtract()[pri:0, instance:com.evolutionaryworks.MathsOperations.ArithmeticOperationsTest@31b5998f]" name="subtract" duration-ms="1" started-at="2013-03-12T18:47:59Z" finished-at="2013-03-12T18:47:59Z">
          <reporter-output>
          </reporter-output>
        </test-method> <!-- subtract -->
        <test-method status="PASS" signature="sum()[pri:0, instance:com.evolutionaryworks.MathsOperations.ArithmeticOperationsTest@31b5998f]" name="sum" duration-ms="1" started-at="2013-03-12T18:47:59Z" finished-at="2013-03-12T18:47:59Z">
          <reporter-output>
          </reporter-output>
        </test-method> <!-- sum -->
      </class> <!-- com.evolutionaryworks.MathsOperations.ArithmeticOperationsTest -->
      <class name="com.evolutionaryworks.MathsOperations.ArithmeticOperationsV2Test">
        <test-method status="PASS" signature="subtract()[pri:0, instance:com.evolutionaryworks.MathsOperations.ArithmeticOperationsV2Test@2c766a24]" name="subtract" duration-ms="8" started-at="2013-03-12T18:47:59Z" finished-at="2013-03-12T18:47:59Z">
          <reporter-output>
          </reporter-output>
        </test-method> <!-- subtract -->
        <test-method status="PASS" signature="sum()[pri:0, instance:com.evolutionaryworks.MathsOperations.ArithmeticOperationsV2Test@2c766a24]" name="sum" duration-ms="1" started-at="2013-03-12T18:47:59Z" finished-at="2013-03-12T18:47:59Z">
          <reporter-output>
          </reporter-output>
        </test-method> <!-- sum -->
      </class> <!-- com.evolutionaryworks.MathsOperations.ArithmeticOperationsV2Test -->
    </test> <!-- MathTests -->
  </suite> <!-- Arithmetic Suite -->
</testng-results>
