<?xml version="1.0" encoding="UTF-8"?>
<!-- Generated by org.testng.reporters.JUnitXMLReporter -->
<testsuite hostname="rahulks-MacBookPro-2.local" name="MathTests" tests="6" failures="0" timestamp="12 Mar 2013 13:17:59 GMT" time="0.049" errors="0">
  <testcase name="subtract" time="0.0080" classname="com.evolutionaryworks.MathsOperations.ArithmeticOperationsV2Test"/>
  <testcase name="sum" time="0.0010" classname="com.evolutionaryworks.MathsOperations.ArithmeticOperationsV2Test"/>
  <testcase name="divide" time="0.0010" classname="com.evolutionaryworks.MathsOperations.ArithmeticOperationsTest"/>
  <testcase name="multiply" time="0.0010" classname="com.evolutionaryworks.MathsOperations.ArithmeticOperationsTest"/>
  <testcase name="subtract" time="0.0010" classname="com.evolutionaryworks.MathsOperations.ArithmeticOperationsTest"/>
  <testcase name="sum" time="0.0010" classname="com.evolutionaryworks.MathsOperations.ArithmeticOperationsTest"/>
</testsuite> <!-- MathTests -->
