<?xml version="1.0" encoding="UTF-8"?>
<!-- Generated by org.testng.reporters.JUnitXMLReporter -->
<testsuite hostname="rahulks-MacBookPro-2.local" name="Default test" tests="2" failures="0" timestamp="11 Mar 2013 21:25:10 GMT" time="0.035" errors="0">
  <testcase name="subtract" time="0.0090" classname="com.evolutionaryworks.MathsOperations.AithmeticOperationsV2Test"/>
  <testcase name="sum" time="0.0010" classname="com.evolutionaryworks.MathsOperations.AithmeticOperationsV2Test"/>
</testsuite> <!-- Default test -->
