<?xml version="1.0" encoding="UTF-8"?>
<!-- Generated by org.testng.reporters.JUnitXMLReporter -->
<testsuite hostname="rahulks-MacBookPro-2.local" name="MathTestsPackage" tests="6" failures="0" timestamp="12 Mar 2013 12:37:52 GMT" time="0.044" errors="0">
  <testcase name="divide" time="0.01" classname="com.evolutionaryworks.MathsOperations.ArithmeticOperationsTest"/>
  <testcase name="multiply" time="0.0" classname="com.evolutionaryworks.MathsOperations.ArithmeticOperationsTest"/>
  <testcase name="subtract" time="0.0010" classname="com.evolutionaryworks.MathsOperations.ArithmeticOperationsTest"/>
  <testcase name="sum" time="0.0010" classname="com.evolutionaryworks.MathsOperations.ArithmeticOperationsTest"/>
  <testcase name="subtract" time="0.0010" classname="com.evolutionaryworks.MathsOperations.ArithmeticOperationsV2Test"/>
  <testcase name="sum" time="0.0010" classname="com.evolutionaryworks.MathsOperations.ArithmeticOperationsV2Test"/>
</testsuite> <!-- MathTestsPackage -->
